# JRE version: OpenJDK Runtime Environment Temurin-21.0.6+7 (21.0.6+7) (build 21.0.6+7-LTS)
# Java VM: OpenJDK 64-Bit Server VM Temurin-21.0.6+7 (21.0.6+7-LTS, mixed mode, sharing, tiered, compressed oops, compressed class ptrs, g1 gc, windows-amd64)
GC Precious Log:
 CardTable entry size: 512
 Card Set container configuration: InlinePtr #cards 4 size 8 Array Of Cards #cards 16 size 48 Howl #buckets 8 coarsen threshold 3686 Howl Bitmap #cards 512 size 80 coarsen threshold 460 Card regions per heap region 1 cards per card region 4096
 CPUs: 16 total, 16 available
 Memory: 15791M
 Large Page Support: Disabled
 NUMA Support: Disabled
 Compressed Oops: Enabled (Zero based)
 Heap Region Size: 2M
 Heap Min Capacity: 8M
 Heap Initial Capacity: 248M
 Heap Max Capacity: 3948M
 Pre-touch: Disabled
 Parallel Workers: 13
 Concurrent Workers: 3
 Concurrent Refinement Workers: 13
 Periodic GC: Disabled
Heap:
 garbage-first heap   total 47104K, used 42754K [0x0000000709400000, 0x0000000800000000)
  region size 2048K, 14 young (28672K), 4 survivors (8192K)
 Metaspace       used 22942K, committed 23424K, reserved 1114112K
  class space    used 3272K, committed 3520K, reserved 1048576K
GC Heap History (6 events):
Event: 1.036 GC heap before
{Heap before GC invocations=0 (full 0):
 garbage-first heap   total 253952K, used 22528K [0x0000000709400000, 0x0000000800000000)
  region size 2048K, 11 young (22528K), 0 survivors (0K)
 Metaspace       used 5982K, committed 6208K, reserved 1114112K
  class space    used 639K, committed 768K, reserved 1048576K
}
Event: 1.044 GC heap after
{Heap after GC invocations=1 (full 0):
 garbage-first heap   total 253952K, used 3859K [0x0000000709400000, 0x0000000800000000)
  region size 2048K, 2 young (4096K), 2 survivors (4096K)
 Metaspace       used 5982K, committed 6208K, reserved 1114112K
  class space    used 639K, committed 768K, reserved 1048576K
}
Event: 2.117 GC heap before
{Heap before GC invocations=1 (full 0):
 garbage-first heap   total 253952K, used 32531K [0x0000000709400000, 0x0000000800000000)
  region size 2048K, 17 young (34816K), 2 survivors (4096K)
 Metaspace       used 14127K, committed 14464K, reserved 1114112K
  class space    used 1774K, committed 1920K, reserved 1048576K
}
Event: 2.128 GC heap after
{Heap after GC invocations=2 (full 0):
 garbage-first heap   total 253952K, used 7435K [0x0000000709400000, 0x0000000800000000)
  region size 2048K, 2 young (4096K), 2 survivors (4096K)
 Metaspace       used 14127K, committed 14464K, reserved 1114112K
  class space    used 1774K, committed 1920K, reserved 1048576K
}
Event: 3.911 GC heap before
{Heap before GC invocations=2 (full 0):
 garbage-first heap   total 253952K, used 42251K [0x0000000709400000, 0x0000000800000000)
  region size 2048K, 21 young (43008K), 2 survivors (4096K)
 Metaspace       used 21064K, committed 21504K, reserved 1114112K
  class space    used 3102K, committed 3328K, reserved 1048576K
}
Event: 3.920 GC heap after
{Heap after GC invocations=3 (full 0):
 garbage-first heap   total 253952K, used 9986K [0x0000000709400000, 0x0000000800000000)
  region size 2048K, 4 young (8192K), 4 survivors (8192K)
 Metaspace       used 21064K, committed 21504K, reserved 1114112K
  class space    used 3102K, committed 3328K, reserved 1048576K
}

